<?xml version="1.0" encoding="UTF-8"?>
<!-- Generated by org.testng.reporters.JUnitXMLReporter -->
<testsuite ignored="0" hostname="DESKTOP-QV2KGQ4" failures="7" tests="7" name="Test1" time="152.905" errors="0" timestamp="2024-09-23T21:24:51 IST">
  <testcase classname="testCase.TC003_LoginDDT" name="verify_LoginDDT" time="14.32">
    <failure type="java.lang.AssertionError" message="null">
      <![CDATA[java.lang.AssertionError: null
at testCase.TC003_LoginDDT.verify_LoginDDT(TC003_LoginDDT.java:62)
at java.base/java.util.ArrayList.forEach(ArrayList.java:1597)
... Removed 27 stack frames]]>
    </failure>
  </testcase> <!-- verify_LoginDDT -->
  <testcase classname="testCase.TC003_LoginDDT" name="verify_LoginDDT" time="22.301">
    <failure type="java.lang.AssertionError" message="null">
      <![CDATA[java.lang.AssertionError: null
at testCase.TC003_LoginDDT.verify_LoginDDT(TC003_LoginDDT.java:62)
at java.base/java.util.ArrayList.forEach(ArrayList.java:1597)
... Removed 27 stack frames]]>
    </failure>
  </testcase> <!-- verify_LoginDDT -->
  <testcase classname="testCase.TC003_LoginDDT" name="verify_LoginDDT" time="22.253">
    <failure type="java.lang.AssertionError" message="null">
      <![CDATA[java.lang.AssertionError: null
at testCase.TC003_LoginDDT.verify_LoginDDT(TC003_LoginDDT.java:62)
at java.base/java.util.ArrayList.forEach(ArrayList.java:1597)
... Removed 27 stack frames]]>
    </failure>
  </testcase> <!-- verify_LoginDDT -->
  <testcase classname="testCase.TC003_LoginDDT" name="verify_LoginDDT" time="21.835">
    <failure type="java.lang.AssertionError" message="null">
      <![CDATA[java.lang.AssertionError: null
at testCase.TC003_LoginDDT.verify_LoginDDT(TC003_LoginDDT.java:62)
at java.base/java.util.ArrayList.forEach(ArrayList.java:1597)
... Removed 27 stack frames]]>
    </failure>
  </testcase> <!-- verify_LoginDDT -->
  <testcase classname="testCase.TC003_LoginDDT" name="verify_LoginDDT" time="22.614">
    <failure type="java.lang.AssertionError" message="null">
      <![CDATA[java.lang.AssertionError: null
at testCase.TC003_LoginDDT.verify_LoginDDT(TC003_LoginDDT.java:62)
at java.base/java.util.ArrayList.forEach(ArrayList.java:1597)
... Removed 27 stack frames]]>
    </failure>
  </testcase> <!-- verify_LoginDDT -->
  <testcase classname="testCase.TC003_LoginDDT" name="verify_LoginDDT" time="13.368">
    <failure type="java.lang.AssertionError" message="null">
      <![CDATA[java.lang.AssertionError: null
at testCase.TC003_LoginDDT.verify_LoginDDT(TC003_LoginDDT.java:62)
at java.base/java.util.ArrayList.forEach(ArrayList.java:1597)
... Removed 27 stack frames]]>
    </failure>
  </testcase> <!-- verify_LoginDDT -->
  <testcase classname="testCase.TC003_LoginDDT" name="verify_LoginDDT" time="22.384">
    <failure type="java.lang.AssertionError" message="null">
      <![CDATA[java.lang.AssertionError: null
at testCase.TC003_LoginDDT.verify_LoginDDT(TC003_LoginDDT.java:62)
at java.base/java.util.ArrayList.forEach(ArrayList.java:1597)
... Removed 27 stack frames]]>
    </failure>
  </testcase> <!-- verify_LoginDDT -->
</testsuite> <!-- Test1 -->
